<dec f='include/c++/13/bits/ios_base.h' l='469' type='const openmode'/>
<use f='include/c++/13/streambuf' l='259' u='r' c='_ZNSt15basic_streambuf10pubseekoffENT0_8off_typeESt12_Ios_SeekdirSt13_Ios_Openmode'/>
<use f='include/c++/13/streambuf' l='271' u='r' c='_ZNSt15basic_streambuf10pubseekposENT0_8pos_typeESt13_Ios_Openmode'/>
<use f='include/c++/13/streambuf' l='610' u='r' c='_ZNSt15basic_streambuf7seekoffENT0_8off_typeESt12_Ios_SeekdirSt13_Ios_Openmode'/>
<use f='include/c++/13/streambuf' l='622' u='r' c='_ZNSt15basic_streambuf7seekposENT0_8pos_typeESt13_Ios_Openmode'/>
<use f='include/c++/13/bits/ostream.tcc' l='262' c='_ZNSt13basic_ostream5tellpEv'/>
<use f='include/c++/13/bits/ostream.tcc' l='276' c='_ZNSt13basic_ostream5seekpENT0_8pos_typeE'/>
<use f='include/c++/13/bits/ostream.tcc' l='296' c='_ZNSt13basic_ostream5seekpENT0_8off_typeESt12_Ios_Seekdir'/>
<use f='include/c++/13/sstream' l='122' u='r' c='_ZNSt7__cxx1115basic_stringbufC1Ev'/>
<use f='include/c++/13/sstream' l='147' u='r' c='_ZNSt7__cxx1115basic_stringbufC1ERKNS_12basic_stringIT_T0_T1_EESt13_Ios_Openmode'/>
<use f='include/c++/13/sstream' l='398' u='r' c='_ZNSt7__cxx1115basic_stringbuf7seekoffENT0_8off_typeESt12_Ios_SeekdirSt13_Ios_Openmode'/>
<use f='include/c++/13/sstream' l='402' u='r' c='_ZNSt7__cxx1115basic_stringbuf7seekposENT0_8pos_typeESt13_Ios_Openmode'/>
<use f='include/c++/13/sstream' l='805' u='r' c='_ZNSt7__cxx1119basic_ostringstreamC1Ev'/>
<use f='include/c++/13/sstream' l='822' u='r' c='_ZNSt7__cxx1119basic_ostringstreamC1ESt13_Ios_Openmode'/>
<use f='include/c++/13/sstream' l='840' u='r' c='_ZNSt7__cxx1119basic_ostringstreamC1ERKNS_12basic_stringIT_T0_T1_EESt13_Ios_Openmode'/>
<use f='include/c++/13/sstream' l='841' u='r' c='_ZNSt7__cxx1119basic_ostringstreamC1ERKNS_12basic_stringIT_T0_T1_EESt13_Ios_Openmode'/>
<use f='include/c++/13/sstream' l='1029' u='r' c='_ZNSt7__cxx1118basic_stringstreamC1Ev'/>
<use f='include/c++/13/sstream' l='1060' u='r' c='_ZNSt7__cxx1118basic_stringstreamC1ERKNS_12basic_stringIT_T0_T1_EESt13_Ios_Openmode'/>
<use f='include/c++/13/bits/sstream.tcc' l='59' c='_ZNSt7__cxx1115basic_stringbuf9pbackfailENT0_8int_typeE'/>
<use f='include/c++/13/bits/sstream.tcc' l='82' c='_ZNSt7__cxx1115basic_stringbuf8overflowENT0_8int_typeE'/>
<use f='include/c++/13/sstream' l='398' u='r' c='_ZNSt7__cxx1115basic_stringbuf7seekoffENT0_8off_typeESt12_Ios_SeekdirSt13_Ios_Openmode'/>
<use f='include/c++/13/bits/sstream.tcc' l='172' c='_ZNSt7__cxx1115basic_stringbuf7seekoffENT0_8off_typeESt12_Ios_SeekdirSt13_Ios_Openmode'/>
<use f='include/c++/13/bits/sstream.tcc' l='174' u='r' c='_ZNSt7__cxx1115basic_stringbuf7seekoffENT0_8off_typeESt12_Ios_SeekdirSt13_Ios_Openmode'/>
<use f='include/c++/13/sstream' l='402' u='r' c='_ZNSt7__cxx1115basic_stringbuf7seekposENT0_8pos_typeESt13_Ios_Openmode'/>
<use f='include/c++/13/bits/sstream.tcc' l='220' c='_ZNSt7__cxx1115basic_stringbuf7seekposENT0_8pos_typeESt13_Ios_Openmode'/>
<use f='include/c++/13/bits/sstream.tcc' l='249' u='r' c='_ZNSt7__cxx1115basic_stringbuf7_M_syncEPT_NS_12basic_stringIS1_T0_T1_E9size_typeES7_'/>
<use f='include/c++/13/fstream' l='424' u='r' c='_ZNSt13basic_filebuf7seekoffENT0_8off_typeESt12_Ios_SeekdirSt13_Ios_Openmode'/>
<use f='include/c++/13/fstream' l='428' u='r' c='_ZNSt13basic_filebuf7seekposENT0_8pos_typeESt13_Ios_Openmode'/>
<use f='include/c++/13/fstream' l='469' u='r' c='_ZNSt13basic_filebuf13_M_set_bufferEl'/>
<use f='include/c++/13/fstream' l='798' u='r' c='_ZNSt14basic_ofstreamC1EPKcSt13_Ios_Openmode'/>
<use f='include/c++/13/fstream' l='833' u='r' c='_ZNSt14basic_ofstreamC1ERKNSt7__cxx1112basic_stringIcSt11char_traitsIcESaIcEEESt13_Ios_Openmode'/>
<use f='include/c++/13/fstream' l='850' u='r' c='_ZNSt14basic_ofstreamC1ERKTL0__St13_Ios_Openmode'/>
<use f='include/c++/13/fstream' l='928' u='r' c='_ZNSt14basic_ofstream4openEPKcSt13_Ios_Openmode'/>
<use f='include/c++/13/fstream' l='930' u='r' c='_ZNSt14basic_ofstream4openEPKcSt13_Ios_Openmode'/>
<use f='include/c++/13/fstream' l='967' u='r' c='_ZNSt14basic_ofstream4openERKNSt7__cxx1112basic_stringIcSt11char_traitsIcESaIcEEESt13_Ios_Openmode'/>
<use f='include/c++/13/fstream' l='969' u='r' c='_ZNSt14basic_ofstream4openERKNSt7__cxx1112basic_stringIcSt11char_traitsIcESaIcEEESt13_Ios_Openmode'/>
<use f='include/c++/13/fstream' l='988' u='r' c='_ZNSt14basic_ofstream4openERKTL0__St13_Ios_Openmode'/>
<use f='include/c++/13/fstream' l='1061' u='r' c='_ZNSt13basic_fstreamC1EPKcSt13_Ios_Openmode'/>
<use f='include/c++/13/fstream' l='1091' u='r' c='_ZNSt13basic_fstreamC1ERKNSt7__cxx1112basic_stringIcSt11char_traitsIcESaIcEEESt13_Ios_Openmode'/>
<use f='include/c++/13/fstream' l='1106' u='r' c='_ZNSt13basic_fstreamC1ERKTL0__St13_Ios_Openmode'/>
<use f='include/c++/13/fstream' l='1185' u='r' c='_ZNSt13basic_fstream4openEPKcSt13_Ios_Openmode'/>
<use f='include/c++/13/fstream' l='1226' u='r' c='_ZNSt13basic_fstream4openERKNSt7__cxx1112basic_stringIcSt11char_traitsIcESaIcEEESt13_Ios_Openmode'/>
<use f='include/c++/13/fstream' l='1248' u='r' c='_ZNSt13basic_fstream4openERKTL0__St13_Ios_Openmode'/>
<use f='include/c++/13/bits/fstream.tcc' l='545' u='r' c='_ZNSt13basic_filebuf8overflowENT0_8int_typeE'/>
<use f='include/c++/13/bits/fstream.tcc' l='761' u='r' c='_ZNSt13basic_filebuf6xsputnEPKT_l'/>
<use f='include/c++/13/fstream' l='424' u='r' c='_ZNSt13basic_filebuf7seekoffENT0_8off_typeESt12_Ios_SeekdirSt13_Ios_Openmode'/>
<use f='include/c++/13/fstream' l='428' u='r' c='_ZNSt13basic_filebuf7seekposENT0_8pos_typeESt13_Ios_Openmode'/>
<doc f='include/c++/13/bits/ios_base.h' l='468'>/// Open for output.  Default for @c ofstream and fstream.</doc>
<use f='include/boost/detail/basic_pointerbuf.hpp' l='81' u='r' c='_ZN5boost6detail16basic_pointerbuf7seekoffENT0_8off_typeESt12_Ios_SeekdirSt13_Ios_Openmode'/>
<use f='include/boost/detail/basic_pointerbuf.hpp' l='125' u='r' c='_ZN5boost6detail16basic_pointerbuf7seekposENT0_8pos_typeESt13_Ios_Openmode'/>
<use f='codebrowser/gtsam/base/Matrix.cpp' l='157' u='r' c='_ZN5gtsam4saveERKN5Eigen6MatrixIdLin1ELin1ELi0ELin1ELin1EEERKNSt7__cxx1112basic_stringIcSt11char_traitsIcESaIcEEESC_'/>
<use f='codebrowser/gtsam/base/Vector.cpp' l='98' u='r' c='_ZN5gtsam4saveERKN5Eigen6MatrixIdLin1ELi1ELi0ELin1ELi1EEERKNSt7__cxx1112basic_stringIcSt11char_traitsIcESaIcEEESC_'/>
<use f='codebrowser/gtsam/nonlinear/tests/testSerializationNonlinear.cpp' l='196' u='r' c='_ZN22SerializationISAM2Test3runER10TestResult'/>
<use f='codebrowser/gtsam/slam/dataset.cpp' l='592' u='r' c='_ZN5gtsam6save2DERKNS_20NonlinearFactorGraphERKNS_6ValuesESt10shared_ptrINS_10noiseModel8DiagonalEERKNSt7__cxx1112basic_stringIcSt11char_traitsIcESaIcEEE'/>
<use f='codebrowser/gtsam/slam/dataset.cpp' l='638' u='r' c='_ZN5gtsam8writeG2oERKNS_20NonlinearFactorGraphERKNS_6ValuesERKNSt7__cxx1112basic_stringIcSt11char_traitsIcESaIcEEE'/>
<use f='codebrowser/gtsam_unstable/examples/SmartStereoProjectionFactorExample.cpp' l='94' u='r' c='main'/>
<use f='codebrowser/gtsam_unstable/examples/SmartStereoProjectionFactorExample.cpp' l='147' u='r' c='main'/>
